<?xml version="1.0" encoding="UTF-8"?>
<!-- Generated by org.testng.reporters.JUnitReportReporter -->
<testsuite skipped="0" hostname="DESKTOP-QSPLCG3" name="src.com.example.tests.TC001LoginValidate" tests="1" failures="0" timestamp="2020-01-02T13:49:49 EST" time="1.121" errors="0">
  <testcase name="testTC001LoginValidate" time="1.121" classname="src.com.example.tests.TC001LoginValidate"/>
</testsuite> <!-- src.com.example.tests.TC001LoginValidate -->
