<?xml version="1.0" encoding="UTF-8"?>
<!-- Generated by org.testng.reporters.JUnitReportReporter -->
<testsuite skipped="0" hostname="DESKTOP-QSPLCG3" name="src.com.example.tests.TC002CreateNode" tests="1" failures="0" timestamp="2020-02-05T11:12:26 EST" time="38.624" errors="0">
  <testcase name="testTC002CreateNode" time="38.624" classname="src.com.example.tests.TC002CreateNode"/>
</testsuite> <!-- src.com.example.tests.TC002CreateNode -->
