<?xml version="1.0" encoding="UTF-8"?>
<!-- Generated by org.testng.reporters.JUnitReportReporter -->
<testsuite skipped="1" hostname="DESKTOP-QSPLCG3" name="src.com.example.tests.ConfigFileTest" tests="3" failures="0" timestamp="2020-03-11T10:16:17 EDT" time="15.539" errors="2">
  <testcase name="testConfigFile" time="0.000" classname="src.com.example.tests.ConfigFileTest">
    <skipped/>
  </testcase> <!-- testConfigFile -->
  <testcase name="tearDown" time="0.000" classname="src.com.example.tests.ConfigFileTest">
    <error type="java.lang.NullPointerException">
      <![CDATA[java.lang.NullPointerException
at src.com.example.tests.ConfigFileTest.tearDown(ConfigFileTest.java:58)
at sun.reflect.NativeMethodAccessorImpl.invoke0(Native Method)
at sun.reflect.NativeMethodAccessorImpl.invoke(NativeMethodAccessorImpl.java:62)
at sun.reflect.DelegatingMethodAccessorImpl.invoke(DelegatingMethodAccessorImpl.java:43)
at java.lang.reflect.Method.invoke(Method.java:498)
at org.testng.internal.MethodInvocationHelper.invokeMethod(MethodInvocationHelper.java:133)
at org.testng.internal.MethodInvocationHelper.invokeMethodConsideringTimeout(MethodInvocationHelper.java:62)
at org.testng.internal.ConfigInvoker.invokeConfigurationMethod(ConfigInvoker.java:340)
at org.testng.internal.ConfigInvoker.invokeConfigurations(ConfigInvoker.java:294)
at org.testng.internal.TestMethodWorker.invokeAfterClassMethods(TestMethodWorker.java:217)
at org.testng.internal.TestMethodWorker.run(TestMethodWorker.java:130)
at java.util.ArrayList.forEach(ArrayList.java:1257)
at org.testng.TestRunner.privateRun(TestRunner.java:770)
at org.testng.TestRunner.run(TestRunner.java:591)
at org.testng.SuiteRunner.runTest(SuiteRunner.java:402)
at org.testng.SuiteRunner.runSequentially(SuiteRunner.java:396)
at org.testng.SuiteRunner.privateRun(SuiteRunner.java:355)
at org.testng.SuiteRunner.run(SuiteRunner.java:304)
at org.testng.SuiteRunnerWorker.runSuite(SuiteRunnerWorker.java:53)
at org.testng.SuiteRunnerWorker.run(SuiteRunnerWorker.java:96)
at org.testng.TestNG.runSuitesSequentially(TestNG.java:1180)
at org.testng.TestNG.runSuitesLocally(TestNG.java:1102)
at org.testng.TestNG.runSuites(TestNG.java:1032)
at org.testng.TestNG.run(TestNG.java:1000)
at src.com.example.tests.ConfigFileTest.main(ConfigFileTest.java:17)
]]>
    </error>
  </testcase> <!-- tearDown -->
  <testcase name="setUp" time="15.539" classname="src.com.example.tests.ConfigFileTest">
    <error type="org.openqa.selenium.SessionNotCreatedException" message="session not created
from chrome not reachable
  (Session info: chrome=80.0.3987.132)
Build info: version: &#039;3.141.59&#039;, revision: &#039;e82be7d358&#039;, time: &#039;2018-11-14T08:25:53&#039;
System info: host: &#039;DESKTOP-QSPLCG3&#039;, ip: &#039;169.254.16.19&#039;, os.name: &#039;Windows 10&#039;, os.arch: &#039;amd64&#039;, os.version: &#039;10.0&#039;, java.version: &#039;1.8.0_231&#039;
Driver info: driver.version: ChromeDriver
remote stacktrace: Backtrace:
	Ordinal0 [0x00460C83+1707139]
	Ordinal0 [0x003C68F1+1075441]
	Ordinal0 [0x0033DE72+515698]
	Ordinal0 [0x00337CA8+490664]
	Ordinal0 [0x0033839B+492443]
	Ordinal0 [0x003392F5+496373]
	Ordinal0 [0x00334F05+478981]
	Ordinal0 [0x0033ECA0+519328]
	Ordinal0 [0x002ECA67+182887]
	Ordinal0 [0x002EBDDD+179677]
	Ordinal0 [0x002E9D4B+171339]
	Ordinal0 [0x002D1D4A+73034]
	Ordinal0 [0x002D2DC0+77248]
	Ordinal0 [0x002D2D59+77145]
	Ordinal0 [0x003DBB67+1162087]
	GetHandleVerifier [0x004FA966+508998]
	GetHandleVerifier [0x004FA6A4+508292]
	GetHandleVerifier [0x0050F7B7+594583]
	GetHandleVerifier [0x004FB1D6+511158]
	Ordinal0 [0x003D402C+1130540]
	Ordinal0 [0x003DD4CB+1168587]
	Ordinal0 [0x003DD633+1168947]
	Ordinal0 [0x003F5B35+1268533]
	BaseThreadInitThunk [0x75FD6359+25]
	RtlGetAppContainerNamedObjectPath [0x77517B74+228]
	RtlGetAppContainerNamedObjectPath [0x77517B44+180]
">
      <![CDATA[org.openqa.selenium.SessionNotCreatedException: session not created
from chrome not reachable
  (Session info: chrome=80.0.3987.132)
Build info: version: '3.141.59', revision: 'e82be7d358', time: '2018-11-14T08:25:53'
System info: host: 'DESKTOP-QSPLCG3', ip: '169.254.16.19', os.name: 'Windows 10', os.arch: 'amd64', os.version: '10.0', java.version: '1.8.0_231'
Driver info: driver.version: ChromeDriver
remote stacktrace: Backtrace:
Ordinal0 [0x00460C83+1707139]
Ordinal0 [0x003C68F1+1075441]
Ordinal0 [0x0033DE72+515698]
Ordinal0 [0x00337CA8+490664]
Ordinal0 [0x0033839B+492443]
Ordinal0 [0x003392F5+496373]
Ordinal0 [0x00334F05+478981]
Ordinal0 [0x0033ECA0+519328]
Ordinal0 [0x002ECA67+182887]
Ordinal0 [0x002EBDDD+179677]
Ordinal0 [0x002E9D4B+171339]
Ordinal0 [0x002D1D4A+73034]
Ordinal0 [0x002D2DC0+77248]
Ordinal0 [0x002D2D59+77145]
Ordinal0 [0x003DBB67+1162087]
GetHandleVerifier [0x004FA966+508998]
GetHandleVerifier [0x004FA6A4+508292]
GetHandleVerifier [0x0050F7B7+594583]
GetHandleVerifier [0x004FB1D6+511158]
Ordinal0 [0x003D402C+1130540]
Ordinal0 [0x003DD4CB+1168587]
Ordinal0 [0x003DD633+1168947]
Ordinal0 [0x003F5B35+1268533]
BaseThreadInitThunk [0x75FD6359+25]
RtlGetAppContainerNamedObjectPath [0x77517B74+228]
RtlGetAppContainerNamedObjectPath [0x77517B44+180]

at sun.reflect.NativeConstructorAccessorImpl.newInstance0(Native Method)
at sun.reflect.NativeConstructorAccessorImpl.newInstance(NativeConstructorAccessorImpl.java:62)
at sun.reflect.DelegatingConstructorAccessorImpl.newInstance(DelegatingConstructorAccessorImpl.java:45)
at java.lang.reflect.Constructor.newInstance(Constructor.java:423)
at org.openqa.selenium.remote.W3CHandshakeResponse.lambda$errorHandler$0(W3CHandshakeResponse.java:62)
at org.openqa.selenium.remote.HandshakeResponse.lambda$getResponseFunction$0(HandshakeResponse.java:30)
at org.openqa.selenium.remote.ProtocolHandshake.lambda$createSession$0(ProtocolHandshake.java:126)
at java.util.stream.ReferencePipeline$3$1.accept(ReferencePipeline.java:193)
at java.util.Spliterators$ArraySpliterator.tryAdvance(Spliterators.java:958)
at java.util.stream.ReferencePipeline.forEachWithCancel(ReferencePipeline.java:126)
at java.util.stream.AbstractPipeline.copyIntoWithCancel(AbstractPipeline.java:499)
at java.util.stream.AbstractPipeline.copyInto(AbstractPipeline.java:486)
at java.util.stream.AbstractPipeline.wrapAndCopyInto(AbstractPipeline.java:472)
at java.util.stream.FindOps$FindOp.evaluateSequential(FindOps.java:152)
at java.util.stream.AbstractPipeline.evaluate(AbstractPipeline.java:234)
at java.util.stream.ReferencePipeline.findFirst(ReferencePipeline.java:464)
at org.openqa.selenium.remote.ProtocolHandshake.createSession(ProtocolHandshake.java:128)
at org.openqa.selenium.remote.ProtocolHandshake.createSession(ProtocolHandshake.java:74)
at org.openqa.selenium.remote.HttpCommandExecutor.execute(HttpCommandExecutor.java:136)
at org.openqa.selenium.remote.service.DriverCommandExecutor.execute(DriverCommandExecutor.java:83)
at org.openqa.selenium.remote.RemoteWebDriver.execute(RemoteWebDriver.java:552)
at org.openqa.selenium.remote.RemoteWebDriver.startSession(RemoteWebDriver.java:213)
at org.openqa.selenium.remote.RemoteWebDriver.<init>(RemoteWebDriver.java:131)
at org.openqa.selenium.chrome.ChromeDriver.<init>(ChromeDriver.java:181)
at org.openqa.selenium.chrome.ChromeDriver.<init>(ChromeDriver.java:168)
at org.openqa.selenium.chrome.ChromeDriver.<init>(ChromeDriver.java:123)
at src.com.example.tests.ConfigFileTest.setUp(ConfigFileTest.java:30)
at sun.reflect.NativeMethodAccessorImpl.invoke0(Native Method)
at sun.reflect.NativeMethodAccessorImpl.invoke(NativeMethodAccessorImpl.java:62)
at sun.reflect.DelegatingMethodAccessorImpl.invoke(DelegatingMethodAccessorImpl.java:43)
at java.lang.reflect.Method.invoke(Method.java:498)
at org.testng.internal.MethodInvocationHelper.invokeMethod(MethodInvocationHelper.java:133)
at org.testng.internal.MethodInvocationHelper.invokeMethodConsideringTimeout(MethodInvocationHelper.java:62)
at org.testng.internal.ConfigInvoker.invokeConfigurationMethod(ConfigInvoker.java:340)
at org.testng.internal.ConfigInvoker.invokeConfigurations(ConfigInvoker.java:294)
at org.testng.internal.TestMethodWorker.invokeBeforeClassMethods(TestMethodWorker.java:176)
at org.testng.internal.TestMethodWorker.run(TestMethodWorker.java:122)
at java.util.ArrayList.forEach(ArrayList.java:1257)
at org.testng.TestRunner.privateRun(TestRunner.java:770)
at org.testng.TestRunner.run(TestRunner.java:591)
at org.testng.SuiteRunner.runTest(SuiteRunner.java:402)
at org.testng.SuiteRunner.runSequentially(SuiteRunner.java:396)
at org.testng.SuiteRunner.privateRun(SuiteRunner.java:355)
at org.testng.SuiteRunner.run(SuiteRunner.java:304)
at org.testng.SuiteRunnerWorker.runSuite(SuiteRunnerWorker.java:53)
at org.testng.SuiteRunnerWorker.run(SuiteRunnerWorker.java:96)
at org.testng.TestNG.runSuitesSequentially(TestNG.java:1180)
at org.testng.TestNG.runSuitesLocally(TestNG.java:1102)
at org.testng.TestNG.runSuites(TestNG.java:1032)
at org.testng.TestNG.run(TestNG.java:1000)
at src.com.example.tests.ConfigFileTest.main(ConfigFileTest.java:17)
]]>
    </error>
  </testcase> <!-- setUp -->
</testsuite> <!-- src.com.example.tests.ConfigFileTest -->
