<?xml version="1.0" encoding="UTF-8"?>
<!-- Generated by org.testng.reporters.JUnitReportReporter -->
<testsuite skipped="0" hostname="DESKTOP-QSPLCG3" name="src.com.example.tests.RegressionTestPCS" tests="5" failures="0" timestamp="2020-03-11T10:28:30 EDT" time="146.489" errors="0">
  <testcase name="TC001loginValidatePCS" time="1.721" classname="src.com.example.tests.RegressionTestPCS"/>
  <testcase name="TC002createNodePCS" time="3.522" classname="src.com.example.tests.RegressionTestPCS"/>
  <testcase name="TC003createExistingNode" time="0.989" classname="src.com.example.tests.RegressionTestPCS"/>
  <testcase name="TC004deleteNode" time="20.082" classname="src.com.example.tests.RegressionTestPCS"/>
  <testcase name="TC005editNode" time="120.175" classname="src.com.example.tests.RegressionTestPCS"/>
</testsuite> <!-- src.com.example.tests.RegressionTestPCS -->
