<?xml version="1.0" encoding="UTF-8"?>
<!-- Generated by org.testng.reporters.JUnitReportReporter -->
<testsuite skipped="0" hostname="DESKTOP-QSPLCG3" name="src.com.example.tests.TC001LoginValidate" tests="1" failures="0" timestamp="2020-02-05T11:11:38 EST" time="6.071" errors="0">
  <testcase name="testTC001LoginValidate" time="6.071" classname="src.com.example.tests.TC001LoginValidate"/>
</testsuite> <!-- src.com.example.tests.TC001LoginValidate -->
