<?xml version="1.0" encoding="UTF-8"?>
<!-- Generated by org.testng.reporters.JUnitReportReporter -->
<testsuite skipped="0" hostname="DESKTOP-QSPLCG3" name="src.com.example.tests.TC003CreateExistingNode" tests="1" failures="0" timestamp="2020-02-05T11:12:59 EST" time="23.131" errors="0">
  <testcase name="testTC003CreateExistingNode" time="23.131" classname="src.com.example.tests.TC003CreateExistingNode"/>
</testsuite> <!-- src.com.example.tests.TC003CreateExistingNode -->
