<?xml version="1.0" encoding="UTF-8"?>
<!-- Generated by org.testng.reporters.JUnitReportReporter -->
<testsuite skipped="0" hostname="DESKTOP-QSPLCG3" name="src.com.example.tests.TC0012CheckCamerasPOP" tests="1" failures="0" timestamp="2020-04-23T03:08:22 EDT" time="12.117" errors="0">
  <testcase name="testTC0012CheckCamerasPOP" time="12.117" classname="src.com.example.tests.TC0012CheckCamerasPOP"/>
</testsuite> <!-- src.com.example.tests.TC0012CheckCamerasPOP -->
