<?xml version="1.0" encoding="UTF-8"?>
<!-- Generated by org.testng.reporters.JUnitReportReporter -->
<testsuite skipped="0" hostname="DESKTOP-QSPLCG3" name="src.com.example.tests.TC008StopSchedulerAllNodesPCS" tests="1" failures="0" timestamp="2020-02-12T11:04:52 EST" time="109.598" errors="0">
  <testcase name="testTC008StopSchedulerAllNodes" time="109.598" classname="src.com.example.tests.TC008StopSchedulerAllNodesPCS"/>
</testsuite> <!-- src.com.example.tests.TC008StopSchedulerAllNodesPCS -->
