<?xml version="1.0" encoding="UTF-8"?>
<!-- Generated by org.testng.reporters.JUnitReportReporter -->
<testsuite skipped="0" hostname="DESKTOP-QSPLCG3" name="src.com.example.tests.TC002CreateNodePCS" tests="1" failures="0" timestamp="2020-02-12T10:30:47 EST" time="5.311" errors="0">
  <testcase name="testTC002CreateNode" time="5.311" classname="src.com.example.tests.TC002CreateNodePCS"/>
</testsuite> <!-- src.com.example.tests.TC002CreateNodePCS -->
