<?xml version="1.0" encoding="UTF-8"?>
<!-- Generated by org.testng.reporters.JUnitReportReporter -->
<testsuite skipped="0" hostname="DESKTOP-QSPLCG3" name="src.com.example.tests.TC006ModifyNodeCameraIpPCS" tests="1" failures="0" timestamp="2020-02-10T16:25:03 EST" time="163.617" errors="0">
  <testcase name="testTC006ModifyNodeCameraIp" time="163.617" classname="src.com.example.tests.TC006ModifyNodeCameraIpPCS"/>
</testsuite> <!-- src.com.example.tests.TC006ModifyNodeCameraIpPCS -->
