<?xml version="1.0" encoding="UTF-8"?>
<!-- Generated by org.testng.reporters.JUnitReportReporter -->
<testsuite skipped="0" hostname="DESKTOP-QSPLCG3" name="src.com.example.tests.TC010DeleteAllNodes" tests="1" failures="0" timestamp="2020-02-06T11:03:13 EST" time="122.559" errors="0">
  <testcase name="testTC008StopSchedulerAllNodes" time="122.559" classname="src.com.example.tests.TC010DeleteAllNodes"/>
</testsuite> <!-- src.com.example.tests.TC010DeleteAllNodes -->
