<?xml version="1.0" encoding="UTF-8"?>
<!-- Generated by org.testng.reporters.JUnitReportReporter -->
<testsuite skipped="0" hostname="DESKTOP-QSPLCG3" name="src.com.example.tests.TC005ModifyNodeNameAndTypePCS" tests="1" failures="0" timestamp="2020-02-10T15:08:41 EST" time="171.789" errors="0">
  <testcase name="testTC005ModifyNodeName" time="171.789" classname="src.com.example.tests.TC005ModifyNodeNameAndTypePCS"/>
</testsuite> <!-- src.com.example.tests.TC005ModifyNodeNameAndTypePCS -->
