<?xml version="1.0" encoding="UTF-8"?>
<!-- Generated by org.testng.reporters.JUnitReportReporter -->
<testsuite skipped="0" hostname="DESKTOP-QSPLCG3" name="src.com.example.tests.TC005EditNodeNameAndTypePCS" tests="1" failures="0" timestamp="2020-02-12T10:45:22 EST" time="166.918" errors="0">
  <testcase name="testTC005ModifyNodeName" time="166.918" classname="src.com.example.tests.TC005EditNodeNameAndTypePCS"/>
</testsuite> <!-- src.com.example.tests.TC005EditNodeNameAndTypePCS -->
