<?xml version="1.0" encoding="UTF-8"?>
<!-- Generated by org.testng.reporters.JUnitReportReporter -->
<testsuite skipped="0" hostname="DESKTOP-QSPLCG3" name="src.com.example.tests.TC009AutoStartNodePCS" tests="1" failures="0" timestamp="2020-02-12T11:07:57 EST" time="144.401" errors="0">
  <testcase name="testTC008StopSchedulerAllNodes" time="144.401" classname="src.com.example.tests.TC009AutoStartNodePCS"/>
</testsuite> <!-- src.com.example.tests.TC009AutoStartNodePCS -->
