<?xml version="1.0" encoding="UTF-8"?>
<!-- Generated by org.testng.reporters.JUnitReportReporter -->
<testsuite skipped="0" hostname="DESKTOP-QSPLCG3" name="src.com.example.tests.TC006EditNodeCameraIpPCS" tests="1" failures="0" timestamp="2020-02-12T10:48:18 EST" time="160.875" errors="0">
  <testcase name="testTC006ModifyNodeCameraIp" time="160.875" classname="src.com.example.tests.TC006EditNodeCameraIpPCS"/>
</testsuite> <!-- src.com.example.tests.TC006EditNodeCameraIpPCS -->
