<?xml version="1.0" encoding="UTF-8"?>
<!-- Generated by org.testng.reporters.JUnitReportReporter -->
<testsuite skipped="0" hostname="DESKTOP-QSPLCG3" name="src.com.example.tests.TC003CreateExistingNodePCS" tests="1" failures="0" timestamp="2020-02-12T09:51:06 EST" time="2.759" errors="0">
  <testcase name="testTC003CreateExistingNode" time="2.759" classname="src.com.example.tests.TC003CreateExistingNodePCS"/>
</testsuite> <!-- src.com.example.tests.TC003CreateExistingNodePCS -->
