<?xml version="1.0" encoding="UTF-8"?>
<!-- Generated by org.testng.reporters.JUnitReportReporter -->
<testsuite skipped="0" hostname="DESKTOP-QSPLCG3" name="src.com.example.tests.TC0015CreateDisplayGroupPOP" tests="1" failures="0" timestamp="2020-03-02T13:35:37 EST" time="44.188" errors="0">
  <testcase name="testTC0015CreateDisplayGroupPOP" time="44.188" classname="src.com.example.tests.TC0015CreateDisplayGroupPOP"/>
</testsuite> <!-- src.com.example.tests.TC0015CreateDisplayGroupPOP -->
