<?xml version="1.0" encoding="UTF-8"?>
<!-- Generated by org.testng.reporters.JUnitReportReporter -->
<testsuite skipped="0" hostname="DESKTOP-QSPLCG3" name="src.com.example.tests.TC0014DeleteCameraPOP" tests="1" failures="0" timestamp="2020-02-24T11:40:16 EST" time="6.153" errors="0">
  <testcase name="testTC0014DeleteCameraPOP" time="6.153" classname="src.com.example.tests.TC0014DeleteCameraPOP"/>
</testsuite> <!-- src.com.example.tests.TC0014DeleteCameraPOP -->
