<?xml version="1.0" encoding="UTF-8"?>
<!-- Generated by org.testng.reporters.JUnitReportReporter -->
<testsuite skipped="0" hostname="DESKTOP-QSPLCG3" name="src.com.example.tests.TC005ModifyNodeName" tests="1" failures="0" timestamp="2020-01-30T17:54:27 EST" time="107.175" errors="0">
  <testcase name="testTC005ModifyNodeName" time="107.175" classname="src.com.example.tests.TC005ModifyNodeName"/>
</testsuite> <!-- src.com.example.tests.TC005ModifyNodeName -->
