<?xml version="1.0" encoding="UTF-8"?>
<!-- Generated by org.testng.reporters.JUnitReportReporter -->
<testsuite skipped="0" hostname="DESKTOP-QSPLCG3" name="src.com.example.tests.TC0015CreateNewGroupPOP" tests="1" failures="0" timestamp="2020-02-18T13:40:31 EST" time="6.825" errors="0">
  <testcase name="testTC0015CreateNewGroupPOP" time="6.825" classname="src.com.example.tests.TC0015CreateNewGroupPOP"/>
</testsuite> <!-- src.com.example.tests.TC0015CreateNewGroupPOP -->
