<?xml version="1.0" encoding="UTF-8"?>
<!-- Generated by org.testng.reporters.JUnitReportReporter -->
<testsuite skipped="0" hostname="DESKTOP-QSPLCG3" name="src.com.example.tests.RegressionTestPCS" tests="13" failures="0" timestamp="2020-03-26T21:08:48 EDT" time="154.571" errors="0">
  <testcase name="TC001loginValidatePCS" time="1.712" classname="src.com.example.tests.RegressionTestPCS"/>
  <testcase name="TC002createNodePCS" time="3.577" classname="src.com.example.tests.RegressionTestPCS"/>
  <testcase name="TC003createExistingNode" time="0.001" classname="src.com.example.tests.RegressionTestPCS"/>
  <testcase name="TC004deleteNode" time="0.000" classname="src.com.example.tests.RegressionTestPCS"/>
  <testcase name="TC005editNode" time="18.558" classname="src.com.example.tests.RegressionTestPCS"/>
  <testcase name="TC006statusCheck" time="36.130" classname="src.com.example.tests.RegressionTestPCS"/>
  <testcase name="TC007stopSchedulerAllNodes" time="19.595" classname="src.com.example.tests.RegressionTestPCS"/>
  <testcase name="TC008setGlobalUnitMeasure" time="1.083" classname="src.com.example.tests.RegressionTestPCS"/>
  <testcase name="TC009statusCheck" time="39.608" classname="src.com.example.tests.RegressionTestPCS"/>
  <testcase name="TC010getSnapshot" time="31.191" classname="src.com.example.tests.RegressionTestPCS"/>
  <testcase name="TC011setCycleTime" time="0.000" classname="src.com.example.tests.RegressionTestPCS"/>
  <testcase name="TC012deleteAllNodes" time="2.094" classname="src.com.example.tests.RegressionTestPCS"/>
  <testcase name="TC013setGlobalUnitMeasureToInches" time="1.022" classname="src.com.example.tests.RegressionTestPCS"/>
</testsuite> <!-- src.com.example.tests.RegressionTestPCS -->
