<?xml version="1.0" encoding="UTF-8"?>
<!-- Generated by org.testng.reporters.JUnitReportReporter -->
<testsuite skipped="0" hostname="DESKTOP-QSPLCG3" name="src.com.example.tests.TC0011LoginValidatePOP" tests="1" failures="0" timestamp="2020-02-24T10:38:28 EST" time="7.888" errors="0">
  <testcase name="testTC001LoginValidate" time="7.888" classname="src.com.example.tests.TC0011LoginValidatePOP"/>
</testsuite> <!-- src.com.example.tests.TC0011LoginValidatePOP -->
