<?xml version="1.0" encoding="UTF-8"?>
<!-- Generated by org.testng.reporters.JUnitReportReporter -->
<testsuite skipped="0" hostname="DESKTOP-QSPLCG3" name="src.com.example.tests.TC000Priority" tests="4" failures="0" timestamp="2020-01-30T16:42:32 EST" time="0.007" errors="0">
  <testcase name="testTC001LoginValidate2" time="0.005" classname="src.com.example.tests.TC000Priority"/>
  <testcase name="testTC002CreateNode" time="0.000" classname="src.com.example.tests.TC000Priority"/>
  <testcase name="testTC003CreateExistingNode" time="0.001" classname="src.com.example.tests.TC000Priority"/>
  <testcase name="testTC004DeleteNode" time="0.001" classname="src.com.example.tests.TC000Priority"/>
</testsuite> <!-- src.com.example.tests.TC000Priority -->
