<?xml version="1.0" encoding="UTF-8"?>
<!-- Generated by org.testng.reporters.JUnitReportReporter -->
<testsuite skipped="0" hostname="DESKTOP-QSPLCG3" name="src.com.example.tests.TC0013CreateNewCamerasPOP" tests="1" failures="0" timestamp="2020-04-23T03:08:47 EDT" time="6.471" errors="0">
  <testcase name="testTC0013CreateNewCamerasPOP" time="6.471" classname="src.com.example.tests.TC0013CreateNewCamerasPOP"/>
</testsuite> <!-- src.com.example.tests.TC0013CreateNewCamerasPOP -->
