<?xml version="1.0" encoding="UTF-8"?>
<!-- Generated by org.testng.reporters.JUnitReportReporter -->
<testsuite skipped="0" hostname="DESKTOP-QSPLCG3" name="src.com.example.tests.TC0015CreateDisplayGroupPOP" tests="1" failures="0" timestamp="2020-04-23T03:10:21 EDT" time="6.890" errors="0">
  <testcase name="testTC0015CreateDisplayGroupPOP" time="6.890" classname="src.com.example.tests.TC0015CreateDisplayGroupPOP"/>
</testsuite> <!-- src.com.example.tests.TC0015CreateDisplayGroupPOP -->
