<?xml version="1.0" encoding="UTF-8"?>
<!-- Generated by org.testng.reporters.JUnitReportReporter -->
<testsuite skipped="0" hostname="DESKTOP-QSPLCG3" name="src.com.example.tests.TC0013CreatNewCamerasPOP" tests="1" failures="0" timestamp="2020-02-12T16:58:51 EST" time="32.733" errors="0">
  <testcase name="testTC001LoginValidate" time="32.733" classname="src.com.example.tests.TC0013CreatNewCamerasPOP"/>
</testsuite> <!-- src.com.example.tests.TC0013CreatNewCamerasPOP -->
