<?xml version="1.0" encoding="UTF-8"?>
<!-- Generated by org.testng.reporters.JUnitReportReporter -->
<testsuite skipped="0" hostname="DESKTOP-QSPLCG3" name="src.com.example.tests.TC001LoginValidatePCS" tests="1" failures="0" timestamp="2020-02-14T09:22:16 EST" time="4.252" errors="0">
  <testcase name="testTC001LoginValidate" time="4.252" classname="src.com.example.tests.TC001LoginValidatePCS"/>
</testsuite> <!-- src.com.example.tests.TC001LoginValidatePCS -->
