<?xml version="1.0" encoding="UTF-8"?>
<!-- Generated by org.testng.reporters.JUnitReportReporter -->
<testsuite skipped="0" hostname="DESKTOP-QSPLCG3" name="src.com.example.tests.TC0016CheckDisplayGroupPOP" tests="1" failures="0" timestamp="2020-02-24T11:03:00 EST" time="5.967" errors="0">
  <testcase name="testTC0016CheckDisplayGroupPOP" time="5.967" classname="src.com.example.tests.TC0016CheckDisplayGroupPOP"/>
</testsuite> <!-- src.com.example.tests.TC0016CheckDisplayGroupPOP -->
