<?xml version="1.0" encoding="UTF-8"?>
<!-- Generated by org.testng.reporters.JUnitReportReporter -->
<testsuite skipped="0" hostname="DESKTOP-QSPLCG3" name="src.com.example.tests.TC0017DeleteDisplayGroupPOP" tests="1" failures="0" timestamp="2020-04-23T03:12:46 EDT" time="5.971" errors="0">
  <testcase name="testTC0016CheckDisplayGroupPOP" time="5.971" classname="src.com.example.tests.TC0017DeleteDisplayGroupPOP"/>
</testsuite> <!-- src.com.example.tests.TC0017DeleteDisplayGroupPOP -->
