<?xml version="1.0" encoding="UTF-8"?>
<!-- Generated by org.testng.reporters.JUnitReportReporter -->
<testsuite skipped="0" hostname="DESKTOP-QSPLCG3" name="src.com.example.tests.RegressionTestPCS" tests="19" failures="0" timestamp="2020-04-23T13:18:05 EDT" time="259.581" errors="0">
  <testcase name="TC001loginValidatePCS" time="2.049" classname="src.com.example.tests.RegressionTestPCS"/>
  <testcase name="TC002createNodePCS" time="3.596" classname="src.com.example.tests.RegressionTestPCS"/>
  <testcase name="TC003createExistingNodePCS" time="1.001" classname="src.com.example.tests.RegressionTestPCS"/>
  <testcase name="TC004deleteNodePCS" time="5.201" classname="src.com.example.tests.RegressionTestPCS"/>
  <testcase name="TC005editNodePCS" time="17.629" classname="src.com.example.tests.RegressionTestPCS"/>
  <testcase name="TC006statusCheckPCS" time="35.016" classname="src.com.example.tests.RegressionTestPCS"/>
  <testcase name="TC007setSchedulerAllNodesPCS" time="22.494" classname="src.com.example.tests.RegressionTestPCS"/>
  <testcase name="TC008setGlobalUnitMeasurePCS" time="21.950" classname="src.com.example.tests.RegressionTestPCS"/>
  <testcase name="TC009statusCheckPCS" time="33.565" classname="src.com.example.tests.RegressionTestPCS"/>
  <testcase name="TC010getSnapshotPCS" time="81.598" classname="src.com.example.tests.RegressionTestPCS"/>
  <testcase name="TC011setAlarmPCS" time="0.000" classname="src.com.example.tests.RegressionTestPCS"/>
  <testcase name="TC012saveAndApplyMultipleNodePCS" time="0.000" classname="src.com.example.tests.RegressionTestPCS"/>
  <testcase name="TC013setCycleTimePCS" time="0.001" classname="src.com.example.tests.RegressionTestPCS"/>
  <testcase name="TC014setScheduleTypePCS" time="0.001" classname="src.com.example.tests.RegressionTestPCS"/>
  <testcase name="TC015loginValidatePOP" time="17.988" classname="src.com.example.tests.RegressionTestPCS"/>
  <testcase name="TC016checkCamerasPOP" time="11.256" classname="src.com.example.tests.RegressionTestPCS"/>
  <testcase name="TC017createNewCameraPOP" time="0.870" classname="src.com.example.tests.RegressionTestPCS"/>
  <testcase name="TC018deleteAllNodesPCS" time="4.298" classname="src.com.example.tests.RegressionTestPCS"/>
  <testcase name="TC019setGlobalUnitMeasureToInchesPCS" time="1.068" classname="src.com.example.tests.RegressionTestPCS"/>
</testsuite> <!-- src.com.example.tests.RegressionTestPCS -->
