<?xml version="1.0" encoding="UTF-8"?>
<!-- Generated by org.testng.reporters.JUnitReportReporter -->
<testsuite skipped="0" hostname="DESKTOP-QSPLCG3" name="src.com.example.tests.TC0016CheckDisplayGroupPOP" tests="1" failures="0" timestamp="2020-04-28T17:39:12 EDT" time="6.199" errors="0">
  <testcase name="testTC0016CheckDisplayGroupPOP" time="6.199" classname="src.com.example.tests.TC0016CheckDisplayGroupPOP"/>
</testsuite> <!-- src.com.example.tests.TC0016CheckDisplayGroupPOP -->
