<?xml version="1.0" encoding="UTF-8"?>
<!-- Generated by org.testng.reporters.JUnitReportReporter -->
<testsuite skipped="0" hostname="DESKTOP-QSPLCG3" name="src.com.example.tests.TC006ModifyNodeCameraIp" tests="1" failures="0" timestamp="2020-02-06T11:45:41 EST" time="140.287" errors="0">
  <testcase name="testTC006ModifyNodeCameraIp" time="140.287" classname="src.com.example.tests.TC006ModifyNodeCameraIp"/>
</testsuite> <!-- src.com.example.tests.TC006ModifyNodeCameraIp -->
