<?xml version="1.0" encoding="UTF-8"?>
<!-- Generated by org.testng.reporters.JUnitReportReporter -->
<testsuite skipped="0" hostname="DESKTOP-QSPLCG3" name="src.com.example.tests.TC004DeleteNode" tests="1" failures="0" timestamp="2020-02-03T09:36:29 EST" time="67.215" errors="0">
  <testcase name="testTC004DeleteNode" time="67.215" classname="src.com.example.tests.TC004DeleteNode"/>
</testsuite> <!-- src.com.example.tests.TC004DeleteNode -->
