<?xml version="1.0" encoding="UTF-8"?>
<!-- Generated by org.testng.reporters.JUnitReportReporter -->
<testsuite skipped="0" hostname="DESKTOP-QSPLCG3" name="src.com.example.tests.RegressionTestPCS" tests="3" failures="0" timestamp="2020-03-13T15:26:20 EDT" time="4.465" errors="0">
  <testcase name="TC001loginValidatePCS" time="1.228" classname="src.com.example.tests.RegressionTestPCS"/>
  <testcase name="TC0010getSnapshot" time="2.108" classname="src.com.example.tests.RegressionTestPCS"/>
  <testcase name="TC009setGlobalUnitMeasure" time="1.129" classname="src.com.example.tests.RegressionTestPCS"/>
</testsuite> <!-- src.com.example.tests.RegressionTestPCS -->
