<?xml version="1.0" encoding="UTF-8"?>
<!-- Generated by org.testng.reporters.JUnitReportReporter -->
<testsuite skipped="0" hostname="DESKTOP-QSPLCG3" name="src.com.example.tests.TC007StatusCheckPCS" tests="1" failures="0" timestamp="2020-02-12T10:49:43 EST" time="66.262" errors="0">
  <testcase name="testTC007StatusCheck" time="66.262" classname="src.com.example.tests.TC007StatusCheckPCS"/>
</testsuite> <!-- src.com.example.tests.TC007StatusCheckPCS -->
